[0m>>> Next image due: 2021-02-24 00:24:00 (GMT)
[0m[0m>>> Next image due: 2021-02-24 00:24:00 (GMT)
[0m[0m>>> Next image due: 2021-02-24 00:24:00 (GMT)
[0m[1m--- Opening /dev/video3...
[0m[31mstat: No such file or directory
[0m[0m>>> Next image due: 2021-02-24 00:26:00 (GMT)
[0m[1m--- Opening /dev/video2...
[0m[31mstat: No such file or directory
[0m[0m>>> Next image due: 2021-02-24 00:26:00 (GMT)
[0m[1m--- Opening /dev/video0...
[0m[0mTrying source module v4l2...
[0m[0m/dev/video0 opened.
[0m[0mNo input was specified, using the first.
[0m[1m--- Capturing frame...
[0m[0mCaptured frame in 0.00 seconds.
[0m[1m--- Processing captured image...
[0m[0mSetting output format to JPEG, quality 90
[0m[0mDisabling banner.
[0m[0mWriting JPEG image to '/home/pi/src/multicam/images/2021-02-24_00-24.cam1.jpg'.
[0m[0m>>> Next image due: 2021-02-24 00:26:00 (GMT)
[0m[1m--- Opening /dev/video0...
[0m[0mTrying source module v4l2...
[0m[1m--- Opening /dev/video2...
[0m[31mstat: No such file or directory
[0m[0m>>> Next image due: 2021-02-24 00:28:00 (GMT)
[0m[1m--- Opening /dev/video3...
[0m[31mstat: No such file or directory
[0m[0m>>> Next image due: 2021-02-24 00:28:00 (GMT)
[0m[0m/dev/video0 opened.
[0m[0mNo input was specified, using the first.
[0m[1m--- Capturing frame...
[0m[0mCaptured frame in 0.00 seconds.
[0m[1m--- Processing captured image...
[0m[0mSetting output format to JPEG, quality 90
[0m[0mDisabling banner.
[0m[0mWriting JPEG image to '/home/pi/src/multicam/images/2021-02-24_00-26.cam1.jpg'.
[0m[0m>>> Next image due: 2021-02-24 00:28:00 (GMT)
[0m[1m--- Opening /dev/video3...
[0m[31mstat: No such file or directory
[0m[0m>>> Next image due: 2021-02-24 00:30:00 (GMT)
[0m[1m--- Opening /dev/video2...
[0m[31mstat: No such file or directory
[0m[0m>>> Next image due: 2021-02-24 00:30:00 (GMT)
[0m[1m--- Opening /dev/video0...
[0m[0mTrying source module v4l2...
[0m[0m/dev/video0 opened.
[0m[0mNo input was specified, using the first.
[0m[1m--- Capturing frame...
[0m[0mCaptured frame in 0.00 seconds.
[0m[1m--- Processing captured image...
[0m[0mSetting output format to JPEG, quality 90
[0m[0mDisabling banner.
[0m[0mWriting JPEG image to '/home/pi/src/multicam/images/2021-02-24_00-28.cam1.jpg'.
[0m[0m>>> Next image due: 2021-02-24 00:30:00 (GMT)
[0m